This file contains any messages produced by compilers while
running configure, to aid debugging if configure makes a mistake.

It was created by fizsh configure 1.0.2, which was
generated by GNU Autoconf 2.65.  Invocation command line was

  $ ./configure --build=x86_64-linux-gnu --prefix=/usr --includedir=${prefix}/include --mandir=${prefix}/share/man --infodir=${prefix}/share/info --sysconfdir=/etc --localstatedir=/var --libexecdir=${prefix}/lib/fizsh --disable-maintainer-mode --disable-dependency-tracking

## --------- ##
## Platform. ##
## --------- ##

hostname = nerd-vostro-3500
uname -m = x86_64
uname -r = 2.6.32-30-generic
uname -s = Linux
uname -v = #59-Ubuntu SMP Tue Mar 1 21:30:46 UTC 2011

/usr/bin/uname -p = unknown
/bin/uname -X     = unknown

/bin/arch              = unknown
/usr/bin/arch -k       = unknown
/usr/convex/getsysinfo = unknown
/usr/bin/hostinfo      = unknown
/bin/machine           = unknown
/usr/bin/oslevel       = unknown
/bin/universe          = unknown

PATH: /home/nerd/bin
PATH: /usr/local/sbin
PATH: /usr/local/bin
PATH: /usr/sbin
PATH: /usr/bin
PATH: /sbin
PATH: /bin
PATH: /usr/games
PATH: /home/nerd/bin/
PATH: /home/nerd/.fizsh/
PATH: /home/nerd/bin/
PATH: /home/nerd/.fizsh/


## ----------- ##
## Core tests. ##
## ----------- ##

configure:1706: checking for a BSD-compatible install
configure:1774: result: /usr/bin/install -c
configure:1785: checking whether build environment is sane
configure:1835: result: yes
configure:1976: checking for a thread-safe mkdir -p
configure:2015: result: /bin/mkdir -p
configure:2028: checking for gawk
configure:2044: found /usr/bin/gawk
configure:2055: result: gawk
configure:2066: checking whether make sets $(MAKE)
configure:2088: result: yes
configure:2309: creating ./config.status

## ---------------------- ##
## Running config.status. ##
## ---------------------- ##

This file was extended by fizsh config.status 1.0.2, which was
generated by GNU Autoconf 2.65.  Invocation command line was

  CONFIG_FILES    = 
  CONFIG_HEADERS  = 
  CONFIG_LINKS    = 
  CONFIG_COMMANDS = 
  $ ./config.status 

on nerd-vostro-3500

config.status:746: creating Makefile
config.status:746: creating src/Makefile
config.status:746: creating doc/Makefile
config.status:746: creating examples/Makefile
config.status:746: creating man/Makefile
config.status:746: creating scripts/Makefile
configure:3323: WARNING: unrecognized options: --disable-maintainer-mode, --disable-dependency-tracking
configure:3476: creating ./config.status

## ---------------------- ##
## Running config.status. ##
## ---------------------- ##

This file was extended by fizsh config.status 1.0.2, which was
generated by GNU Autoconf 2.65.  Invocation command line was

  CONFIG_FILES    = 
  CONFIG_HEADERS  = 
  CONFIG_LINKS    = 
  CONFIG_COMMANDS = 
  $ ./config.status 

on nerd-vostro-3500

config.status:746: creating Makefile
config.status:746: creating src/Makefile
config.status:746: creating doc/Makefile
config.status:746: creating examples/Makefile
config.status:746: creating man/Makefile
config.status:746: creating scripts/Makefile
configure:4490: WARNING: unrecognized options: --disable-maintainer-mode, --disable-dependency-tracking

## ---------------- ##
## Cache variables. ##
## ---------------- ##

ac_cv_env_build_alias_set=set
ac_cv_env_build_alias_value=x86_64-linux-gnu
ac_cv_env_host_alias_set=
ac_cv_env_host_alias_value=
ac_cv_env_target_alias_set=
ac_cv_env_target_alias_value=
ac_cv_path_install='/usr/bin/install -c'
ac_cv_path_mkdir=/bin/mkdir
ac_cv_prog_AWK=gawk
ac_cv_prog_make_make_set=yes

## ----------------- ##
## Output variables. ##
## ----------------- ##

ACLOCAL='${SHELL} /home/nerd/fizsh-automake/build/fizsh-1.0.2/missing --run aclocal-1.11'
AMTAR='${SHELL} /home/nerd/fizsh-automake/build/fizsh-1.0.2/missing --run tar'
AUTOCONF='${SHELL} /home/nerd/fizsh-automake/build/fizsh-1.0.2/missing --run autoconf'
AUTOHEADER='${SHELL} /home/nerd/fizsh-automake/build/fizsh-1.0.2/missing --run autoheader'
AUTOMAKE='${SHELL} /home/nerd/fizsh-automake/build/fizsh-1.0.2/missing --run automake-1.11'
AWK='gawk'
CYGPATH_W='echo'
DEFS='-DPACKAGE_NAME=\"fizsh\" -DPACKAGE_TARNAME=\"fizsh\" -DPACKAGE_VERSION=\"1.0.2\" -DPACKAGE_STRING=\"fizsh\ 1.0.2\" -DPACKAGE_BUGREPORT=\"Guido\ van\ Steen\ \<vansteen@users.sourceforge.net\>\" -DPACKAGE_URL=\"\" -DPACKAGE=\"fizsh\" -DVERSION=\"1.0.2\"'
ECHO_C=''
ECHO_N='-n'
ECHO_T=''
INSTALL_DATA='${INSTALL} -m 644'
INSTALL_PROGRAM='${INSTALL}'
INSTALL_SCRIPT='${INSTALL}'
INSTALL_STRIP_PROGRAM='$(install_sh) -c -s'
LIBOBJS=''
LIBS=''
LTLIBOBJS=''
MAKEINFO='${SHELL} /home/nerd/fizsh-automake/build/fizsh-1.0.2/missing --run makeinfo'
MKDIR_P='/bin/mkdir -p'
PACKAGE='fizsh'
PACKAGE_BUGREPORT='Guido van Steen <vansteen@users.sourceforge.net>'
PACKAGE_NAME='fizsh'
PACKAGE_STRING='fizsh 1.0.2'
PACKAGE_TARNAME='fizsh'
PACKAGE_URL=''
PACKAGE_VERSION='1.0.2'
PATH_SEPARATOR=':'
SET_MAKE=''
SHELL='/bin/bash'
STRIP=''
VERSION='1.0.2'
am__isrc=''
am__leading_dot='.'
am__tar='${AMTAR} chof - "$$tardir"'
am__untar='${AMTAR} xf -'
bindir='${exec_prefix}/bin'
build_alias='x86_64-linux-gnu'
datadir='${datarootdir}'
datarootdir='${prefix}/share'
docdir='${datarootdir}/doc/${PACKAGE_TARNAME}'
dvidir='${docdir}'
exec_prefix='${prefix}'
host_alias=''
htmldir='${docdir}'
includedir='${prefix}/include'
infodir='${prefix}/share/info'
install_sh='${SHELL} /home/nerd/fizsh-automake/build/fizsh-1.0.2/install-sh'
libdir='${exec_prefix}/lib'
libexecdir='${prefix}/lib/fizsh'
localedir='${datarootdir}/locale'
localstatedir='/var'
mandir='${prefix}/share/man'
mkdir_p='/bin/mkdir -p'
oldincludedir='/usr/include'
pdfdir='${docdir}'
prefix='/usr'
program_transform_name='s,x,x,'
psdir='${docdir}'
sbindir='${exec_prefix}/sbin'
sharedstatedir='${prefix}/com'
sysconfdir='/etc'
target_alias=''

## ----------- ##
## confdefs.h. ##
## ----------- ##

/* confdefs.h */
#define PACKAGE_NAME "fizsh"
#define PACKAGE_TARNAME "fizsh"
#define PACKAGE_VERSION "1.0.2"
#define PACKAGE_STRING "fizsh 1.0.2"
#define PACKAGE_BUGREPORT "Guido van Steen <vansteen@users.sourceforge.net>"
#define PACKAGE_URL ""
#define PACKAGE "fizsh"
#define VERSION "1.0.2"

configure: exit 0
